Arguments: 
  C:\Program Files\nodejs\node.exe C:\Users\Tenotea\AppData\Roaming\npm\node_modules\yarn\bin\yarn.js add -D typescript

PATH: 
  C:\Program Files\PowerShell\7;C:\Python310\Scripts\;C:\Python310\;C:\Windows\system32;C:\Windows;C:\Windows\System32\Wbem;C:\Windows\System32\WindowsPowerShell\v1.0\;C:\Windows\System32\OpenSSH\;C:\Program Files\Git\cmd;C:\Program Files\nodejs\;C:\ProgramData\chocolatey\bin;C:\Program Files\PowerShell\7\;C:\php\php-win.exe;C:\php;C:\ProgramData\ComposerSetup\bin;C:\Users\Tenotea\.cargo\bin;C:\Users\Tenotea\AppData\Local\Microsoft\WindowsApps;;C:\Users\Tenotea\AppData\Local\Programs\Microsoft VS Code\bin;C:\Users\Tenotea\AppData\Roaming\npm;C:\Users\Tenotea\AppData\Roaming\Composer\vendor\bin

Yarn version: 
  1.22.17

Node version: 
  16.13.2

Platform: 
  win32 x64

Trace: 
  Error: connect EHOSTUNREACH 104.16.18.35:443
      at TCPConnectWrap.afterConnect [as oncomplete] (node:net:1161:16)

npm manifest: 
  No manifest

yarn manifest: 
  No manifest

Lockfile: 
  # THIS IS AN AUTOGENERATED FILE. DO NOT EDIT THIS FILE DIRECTLY.
  # yarn lockfile v1
